Building DAG of jobs...
Using shell: /bin/bash
Provided cores: 1 (use --cores to define parallelism)
Rules claiming more threads will be scaled down.
Job counts:
	count	jobs
	2	samtools_index
	2	samtools_sort
	4
Select jobs to execute...

[Tue Nov 24 20:41:31 2020]
rule samtools_sort:
    input: mapped_reads/A.bam
    output: sorted_reads/A.bam
    jobid: 1
    wildcards: sample=A

[Tue Nov 24 20:41:31 2020]
Finished job 1.
1 of 4 steps (25%) done
Select jobs to execute...

[Tue Nov 24 20:41:31 2020]
rule samtools_index:
    input: sorted_reads/A.bam
    output: sorted_reads/A.bam.bai
    jobid: 0
    wildcards: sample=A

[Tue Nov 24 20:41:31 2020]
Finished job 0.
2 of 4 steps (50%) done
Select jobs to execute...

[Tue Nov 24 20:41:31 2020]
rule samtools_sort:
    input: mapped_reads/B.bam
    output: sorted_reads/B.bam
    jobid: 4
    wildcards: sample=B

[Tue Nov 24 20:41:31 2020]
Finished job 4.
3 of 4 steps (75%) done
Select jobs to execute...

[Tue Nov 24 20:41:32 2020]
rule samtools_index:
    input: sorted_reads/B.bam
    output: sorted_reads/B.bam.bai
    jobid: 3
    wildcards: sample=B

[Tue Nov 24 20:41:32 2020]
Finished job 3.
4 of 4 steps (100%) done
Complete log: /home/hqyone/github/snakemake/.snakemake/log/2020-11-24T204131.514452.snakemake.log
