Building DAG of jobs...
Using shell: /bin/bash
Provided cores: 1 (use --cores to define parallelism)
Rules claiming more threads will be scaled down.
Job counts:
	count	jobs
	2	bwa_map
	2
Select jobs to execute...

[Tue Nov 24 16:11:39 2020]
rule bwa_map:
    input: data/genome.fa, data/samples/B.fastq
    output: mapped_reads/B.bam
    jobid: 0
    wildcards: sample=B

[Tue Nov 24 16:11:40 2020]
Finished job 0.
1 of 2 steps (50%) done
Select jobs to execute...

[Tue Nov 24 16:11:40 2020]
rule bwa_map:
    input: data/genome.fa, data/samples/A.fastq
    output: mapped_reads/A.bam
    jobid: 1
    wildcards: sample=A

[Tue Nov 24 16:11:41 2020]
Finished job 1.
2 of 2 steps (100%) done
Complete log: /home/hqyone/github/snakemake/.snakemake/log/2020-11-24T161139.012113.snakemake.log
